<?xml version="1.0" encoding="UTF-8"?>
<testng-results ignored="0" total="2" passed="2" failed="0" skipped="0">
  <reporter-output>
  </reporter-output>
  <suite started-at="2024-02-20T20:58:50 IST" name="Suite" finished-at="2024-02-20T20:59:19 IST" duration-ms="28140">
    <groups>
    </groups>
    <test started-at="2024-02-20T20:58:50 IST" name="Test" finished-at="2024-02-20T20:59:19 IST" duration-ms="28140">
      <class name="testcases.LoginTest">
        <test-method is-config="true" signature="SetupPage()[pri:0, instance:testcases.LoginTest@56193c7d]" started-at="2024-02-20T20:58:41 IST" name="SetupPage" finished-at="2024-02-20T20:58:50 IST" duration-ms="9383" status="PASS">
          <reporter-output>
          </reporter-output>
        </test-method> <!-- SetupPage -->
        <test-method signature="loginTest()[pri:1, instance:testcases.LoginTest@56193c7d]" started-at="2024-02-20T20:58:50 IST" name="loginTest" finished-at="2024-02-20T20:58:58 IST" duration-ms="7812" status="PASS">
          <reporter-output>
          </reporter-output>
        </test-method> <!-- loginTest -->
        <test-method signature="changeAccInformation()[pri:2, instance:testcases.LoginTest@56193c7d]" started-at="2024-02-20T20:58:58 IST" name="changeAccInformation" finished-at="2024-02-20T20:59:19 IST" duration-ms="20284" status="PASS">
          <reporter-output>
          </reporter-output>
        </test-method> <!-- changeAccInformation -->
      </class> <!-- testcases.LoginTest -->
    </test> <!-- Test -->
  </suite> <!-- Suite -->
</testng-results>
