<?xml version="1.0" encoding="UTF-8"?>
<testng-results ignored="0" total="1" passed="1" failed="0" skipped="0">
  <reporter-output>
  </reporter-output>
  <suite started-at="2024-02-21T13:19:12 IST" name="Default suite" finished-at="2024-02-21T13:19:15 IST" duration-ms="2453">
    <groups>
    </groups>
    <test started-at="2024-02-21T13:19:12 IST" name="Default test" finished-at="2024-02-21T13:19:15 IST" duration-ms="2453">
      <class name="testcases.DemoTest">
        <test-method is-config="true" signature="SetupPage()[pri:0, instance:testcases.DemoTest@40e4ea87]" started-at="2024-02-21T13:19:08 IST" name="SetupPage" finished-at="2024-02-21T13:19:12 IST" duration-ms="4062" status="PASS">
          <reporter-output>
          </reporter-output>
        </test-method> <!-- SetupPage -->
        <test-method signature="test(java.lang.String,java.lang.String,java.lang.String,java.lang.String,java.lang.String,java.lang.String)[pri:1, instance:testcases.DemoTest@40e4ea87]" started-at="2024-02-21T13:19:15 IST" name="test" data-provider="dp" finished-at="2024-02-21T13:19:15 IST" duration-ms="15" status="PASS">
          <params>
            <param index="0">
              <value>
                <![CDATA[nayangogoi744@gmail.com]]>
              </value>
            </param>
            <param index="1">
              <value>
                <![CDATA[SAG*@dem01234]]>
              </value>
            </param>
            <param index="2">
              <value>
                <![CDATA[Welcome]]>
              </value>
            </param>
            <param index="3">
              <value>
                <![CDATA[Nayan Jyoti]]>
              </value>
            </param>
            <param index="4">
              <value>
                <![CDATA[Gogoi]]>
              </value>
            </param>
            <param index="5">
              <value>
                <![CDATA[SAG*@dem01234]]>
              </value>
            </param>
          </params>
          <reporter-output>
          </reporter-output>
        </test-method> <!-- test -->
        <test-method is-config="true" signature="tearDown()[pri:0, instance:testcases.DemoTest@40e4ea87]" started-at="2024-02-21T13:19:15 IST" name="tearDown" finished-at="2024-02-21T13:19:16 IST" duration-ms="915" status="PASS">
          <reporter-output>
          </reporter-output>
        </test-method> <!-- tearDown -->
      </class> <!-- testcases.DemoTest -->
    </test> <!-- Default test -->
  </suite> <!-- Default suite -->
</testng-results>
